[37m[3/10/2022, 3:08:11 AM][0m [36m[HB Supervisor][0m Adding missing UI platform block to /homebridge/config.json
[37m[3/10/2022, 3:08:11 AM][0m [36m[HB Supervisor][0m OS: Linux 5.10.92-v8+ arm64
[37m[3/10/2022, 3:08:11 AM][0m [36m[HB Supervisor][0m Node.js v16.14.0 /usr/local/bin/node
[37m[3/10/2022, 3:08:11 AM][0m [36m[HB Supervisor][0m Homebridge Path: /usr/local/lib/node_modules/homebridge/bin/homebridge
[37m[3/10/2022, 3:08:11 AM][0m [36m[HB Supervisor][0m UI Path: /usr/local/lib/node_modules/homebridge-config-ui-x/dist/bin/standalone.js
[0;37m[3/10/2022, 3:08:16 AM] [0m[0;36m[Homebridge UI][0m [0;33mHomebridge Config UI X v4.42.0 is listening on :: port 8581[0m
[37m[3/10/2022, 3:08:16 AM][0m [36m[HB Supervisor][0m Starting Homebridge with extra flags: -I -P /homebridge/node_modules
[37m[3/10/2022, 3:08:16 AM][0m [36m[HB Supervisor][0m Started Homebridge v1.4.0 with PID: 433
[0;37m[3/10/2022, 3:08:16 AM] [0m[0;36m[Homebridge UI][0m [0;33mAdded new user: admin[0m
[0;37m[3/10/2022, 3:08:16 AM] [0m[0;36m[Homebridge UI][0m Username and password have been set to default:
[0;37m[3/10/2022, 3:08:16 AM] [0m[0;36m[Homebridge UI][0m Username: admin
[0;37m[3/10/2022, 3:08:16 AM] [0m[0;36m[Homebridge UI][0m Password: admin
[37m[3/10/2022, 3:08:17 AM] [39mLoaded config.json with 0 accessories and 1 platforms.
[37m[3/10/2022, 3:08:17 AM] [39m---
[37m[3/10/2022, 3:08:18 AM] [39mLoaded plugin: homebridge-dummy@0.5.0
[37m[3/10/2022, 3:08:18 AM] [39mRegistering accessory 'homebridge-dummy.DummySwitch'
[37m[3/10/2022, 3:08:18 AM] [39m---
[37m[3/10/2022, 3:08:18 AM] [39mLoaded plugin: homebridge-config-ui-x@4.42.0
[37m[3/10/2022, 3:08:18 AM] [39mRegistering platform 'homebridge-config-ui-x.config'
[37m[3/10/2022, 3:08:18 AM] [39m---
[37m[3/10/2022, 3:08:18 AM] [39mLoading 1 platforms...
[37m[3/10/2022, 3:08:18 AM] [39m[36m[Config][39m Initializing config platform...
[37m[3/10/2022, 3:08:18 AM] [39m[36m[Config][39m Running in Service Mode
Setup Payload:
X-HM://0023ISYWYKRPW
Enter this code with your HomeKit app on your iOS device to pair with Homebridge:
[30m[47m                       [49m[39m
[30m[47m    ┌────────────┐     [49m[39m
[30m[47m    │ 031-45-154 │     [49m[39m
[30m[47m    └────────────┘     [49m[39m
[30m[47m                       [49m[39m
[37m[3/10/2022, 3:08:18 AM] [39mHomebridge v1.4.0 (HAP v0.10.0) (Homebridge C5D8) is running on port 53989.


    [1;37mThank you for using the [4;36moznu/homebridge[0m [1;37mdocker image![0m

  If you find this project useful please [1;33mSTAR[0m it on GitHub:

         [4;37mhttps://github.com/oznu/docker-homebridge[0m

                Or donate to the project:

            [4;37mhttps://github.com/sponsors/oznu[0m
                  [4;37mhttps://paypal.me/oznu[0m

